device: (g=0): rw=randread, bs=4K-4K/4K-4K/4K-4K, ioengine=sync, iodepth=1
fio-2.1.11
Starting 1 process

device: (groupid=0, jobs=1): err= 0: pid=3844: Thu Mar 19 17:02:15 2015
  read : io=65536KB, bw=1032.3MB/s, iops=264258, runt=    62msec
    clat (usec): min=1, max=52, avg= 2.72, stdev= 2.98
     lat (usec): min=1, max=53, avg= 2.85, stdev= 3.04
    clat percentiles (usec):
     |  1.00th=[    1],  5.00th=[    2], 10.00th=[    2], 20.00th=[    2],
     | 30.00th=[    2], 40.00th=[    2], 50.00th=[    2], 60.00th=[    2],
     | 70.00th=[    2], 80.00th=[    2], 90.00th=[    3], 95.00th=[   14],
     | 99.00th=[   15], 99.50th=[   15], 99.90th=[   16], 99.95th=[   16],
     | 99.99th=[   50]
    lat (usec) : 2=4.30%, 4=90.29%, 10=0.15%, 20=5.22%, 50=0.02%
    lat (usec) : 100=0.01%
  cpu          : usr=6.56%, sys=91.80%, ctx=5, majf=0, minf=26
  IO depths    : 1=100.0%, 2=0.0%, 4=0.0%, 8=0.0%, 16=0.0%, 32=0.0%, >=64=0.0%
     submit    : 0=0.0%, 4=100.0%, 8=0.0%, 16=0.0%, 32=0.0%, 64=0.0%, >=64=0.0%
     complete  : 0=0.0%, 4=100.0%, 8=0.0%, 16=0.0%, 32=0.0%, 64=0.0%, >=64=0.0%
     issued    : total=r=16384/w=0/d=0, short=r=0/w=0/d=0
     latency   : target=0, window=0, percentile=100.00%, depth=1

Run status group 0 (all jobs):
   READ: io=65536KB, aggrb=1032.3MB/s, minb=1032.3MB/s, maxb=1032.3MB/s, mint=62msec, maxt=62msec

Disk stats (read/write):
  pcm0: ios=0/0, merge=0/0, ticks=0/0, in_queue=0, util=0.00%
