device: (g=0): rw=randwrite, bs=4K-4K/4K-4K/4K-4K, ioengine=sync, iodepth=1
fio-2.1.11
Starting 1 process

device: (groupid=0, jobs=1): err= 0: pid=3864: Thu Mar 19 17:03:50 2015
  write: io=65536KB, bw=560137KB/s, iops=140034, runt=   117msec
    clat (usec): min=2, max=58, avg= 6.03, stdev= 8.99
     lat (usec): min=2, max=58, avg= 6.30, stdev= 9.03
    clat percentiles (usec):
     |  1.00th=[    2],  5.00th=[    2], 10.00th=[    2], 20.00th=[    2],
     | 30.00th=[    2], 40.00th=[    2], 50.00th=[    2], 60.00th=[    2],
     | 70.00th=[    3], 80.00th=[    3], 90.00th=[   26], 95.00th=[   27],
     | 99.00th=[   32], 99.50th=[   32], 99.90th=[   32], 99.95th=[   34],
     | 99.99th=[   56]
    lat (usec) : 4=84.83%, 10=0.03%, 20=0.01%, 50=15.11%, 100=0.02%
  cpu          : usr=20.69%, sys=79.31%, ctx=10, majf=0, minf=25
  IO depths    : 1=100.0%, 2=0.0%, 4=0.0%, 8=0.0%, 16=0.0%, 32=0.0%, >=64=0.0%
     submit    : 0=0.0%, 4=100.0%, 8=0.0%, 16=0.0%, 32=0.0%, 64=0.0%, >=64=0.0%
     complete  : 0=0.0%, 4=100.0%, 8=0.0%, 16=0.0%, 32=0.0%, 64=0.0%, >=64=0.0%
     issued    : total=r=0/w=16384/d=0, short=r=0/w=0/d=0
     latency   : target=0, window=0, percentile=100.00%, depth=1

Run status group 0 (all jobs):
  WRITE: io=65536KB, aggrb=560136KB/s, minb=560136KB/s, maxb=560136KB/s, mint=117msec, maxt=117msec

Disk stats (read/write):
  pcm0: ios=0/0, merge=0/0, ticks=0/0, in_queue=0, util=0.00%
