device: (g=0): rw=randwrite, bs=4K-4K/4K-4K/4K-4K, ioengine=sync, iodepth=1
fio-2.1.11
Starting 1 process

device: (groupid=0, jobs=1): err= 0: pid=3338: Thu Mar 19 16:41:08 2015
  write: io=65536KB, bw=978149KB/s, iops=244537, runt=    67msec
    clat (usec): min=2, max=33, avg= 2.86, stdev= 1.70
     lat (usec): min=2, max=35, avg= 3.15, stdev= 1.87
    clat percentiles (usec):
     |  1.00th=[    2],  5.00th=[    2], 10.00th=[    2], 20.00th=[    2],
     | 30.00th=[    2], 40.00th=[    2], 50.00th=[    2], 60.00th=[    2],
     | 70.00th=[    3], 80.00th=[    3], 90.00th=[    4], 95.00th=[    8],
     | 99.00th=[    9], 99.50th=[    9], 99.90th=[   10], 99.95th=[   11],
     | 99.99th=[   27]
    lat (usec) : 4=83.89%, 10=15.63%, 20=0.46%, 50=0.02%
  cpu          : usr=42.42%, sys=54.55%, ctx=5, majf=0, minf=25
  IO depths    : 1=100.0%, 2=0.0%, 4=0.0%, 8=0.0%, 16=0.0%, 32=0.0%, >=64=0.0%
     submit    : 0=0.0%, 4=100.0%, 8=0.0%, 16=0.0%, 32=0.0%, 64=0.0%, >=64=0.0%
     complete  : 0=0.0%, 4=100.0%, 8=0.0%, 16=0.0%, 32=0.0%, 64=0.0%, >=64=0.0%
     issued    : total=r=0/w=16384/d=0, short=r=0/w=0/d=0
     latency   : target=0, window=0, percentile=100.00%, depth=1

Run status group 0 (all jobs):
  WRITE: io=65536KB, aggrb=978149KB/s, minb=978149KB/s, maxb=978149KB/s, mint=67msec, maxt=67msec

Disk stats (read/write):
  pcm0: ios=0/0, merge=0/0, ticks=0/0, in_queue=0, util=0.00%
