device: (g=0): rw=read, bs=4K-4K/4K-4K/4K-4K, ioengine=sync, iodepth=1
fio-2.1.11
Starting 1 process

device: (groupid=0, jobs=1): err= 0: pid=3347: Thu Mar 19 16:42:11 2015
  read : io=65536KB, bw=1306.2MB/s, iops=334367, runt=    49msec
    clat (usec): min=1, max=45, avg= 2.33, stdev= 1.39
     lat (usec): min=1, max=45, avg= 2.45, stdev= 1.46
    clat percentiles (usec):
     |  1.00th=[    1],  5.00th=[    1], 10.00th=[    2], 20.00th=[    2],
     | 30.00th=[    2], 40.00th=[    2], 50.00th=[    2], 60.00th=[    2],
     | 70.00th=[    2], 80.00th=[    2], 90.00th=[    3], 95.00th=[    6],
     | 99.00th=[    7], 99.50th=[    7], 99.90th=[    8], 99.95th=[    9],
     | 99.99th=[   43]
    lat (usec) : 2=9.30%, 4=81.97%, 10=8.69%, 20=0.02%, 50=0.02%
  cpu          : usr=16.67%, sys=83.33%, ctx=5, majf=0, minf=28
  IO depths    : 1=100.0%, 2=0.0%, 4=0.0%, 8=0.0%, 16=0.0%, 32=0.0%, >=64=0.0%
     submit    : 0=0.0%, 4=100.0%, 8=0.0%, 16=0.0%, 32=0.0%, 64=0.0%, >=64=0.0%
     complete  : 0=0.0%, 4=100.0%, 8=0.0%, 16=0.0%, 32=0.0%, 64=0.0%, >=64=0.0%
     issued    : total=r=16384/w=0/d=0, short=r=0/w=0/d=0
     latency   : target=0, window=0, percentile=100.00%, depth=1

Run status group 0 (all jobs):
   READ: io=65536KB, aggrb=1306.2MB/s, minb=1306.2MB/s, maxb=1306.2MB/s, mint=49msec, maxt=49msec

Disk stats (read/write):
  pcm0: ios=0/0, merge=0/0, ticks=0/0, in_queue=0, util=0.00%
