device: (g=0): rw=write, bs=4K-4K/4K-4K/4K-4K, ioengine=sync, iodepth=1
fio-2.1.11
Starting 1 process

device: (groupid=0, jobs=1): err= 0: pid=3352: Thu Mar 19 16:42:24 2015
  write: io=65536KB, bw=1084.8MB/s, iops=277694, runt=    59msec
    clat (usec): min=1, max=43, avg= 2.78, stdev= 1.70
     lat (usec): min=2, max=44, avg= 3.07, stdev= 1.88
    clat percentiles (usec):
     |  1.00th=[    2],  5.00th=[    2], 10.00th=[    2], 20.00th=[    2],
     | 30.00th=[    2], 40.00th=[    2], 50.00th=[    2], 60.00th=[    2],
     | 70.00th=[    3], 80.00th=[    3], 90.00th=[    4], 95.00th=[    8],
     | 99.00th=[    9], 99.50th=[    9], 99.90th=[   10], 99.95th=[   11],
     | 99.99th=[   36]
    lat (usec) : 2=0.03%, 4=85.57%, 10=14.15%, 20=0.23%, 50=0.02%
  cpu          : usr=55.17%, sys=41.38%, ctx=4, majf=0, minf=27
  IO depths    : 1=100.0%, 2=0.0%, 4=0.0%, 8=0.0%, 16=0.0%, 32=0.0%, >=64=0.0%
     submit    : 0=0.0%, 4=100.0%, 8=0.0%, 16=0.0%, 32=0.0%, 64=0.0%, >=64=0.0%
     complete  : 0=0.0%, 4=100.0%, 8=0.0%, 16=0.0%, 32=0.0%, 64=0.0%, >=64=0.0%
     issued    : total=r=0/w=16384/d=0, short=r=0/w=0/d=0
     latency   : target=0, window=0, percentile=100.00%, depth=1

Run status group 0 (all jobs):
  WRITE: io=65536KB, aggrb=1084.8MB/s, minb=1084.8MB/s, maxb=1084.8MB/s, mint=59msec, maxt=59msec

Disk stats (read/write):
  pcm0: ios=0/0, merge=0/0, ticks=0/0, in_queue=0, util=0.00%
